{"/home/kdev/code/album/src/modules/users/user.model.js": {"path":"/home/kdev/code/album/src/modules/users/user.model.js","statementMap":{"0":{"start":{"line":1,"column":21},"end":{"line":1,"column":51}},"1":{"start":{"line":2,"column":16},"end":{"line":2,"column":33}},"2":{"start":{"line":4,"column":19},"end":{"line":19,"column":1}},"3":{"start":{"line":21,"column":18},"end":{"line":21,"column":52}},"4":{"start":{"line":23,"column":0},"end":{"line":23,"column":31}}},"fnMap":{},"branchMap":{},"s":{"0":1,"1":1,"2":1,"3":1,"4":1},"f":{},"b":{},"_coverageSchema":"1a1c01bbd47fc00a2c39e90264f33305004495a9","hash":"c1bc71bba2c759371f8088ca03276898696c9749"}
,"/home/kdev/code/album/src/modules/users/user.repository.js": {"path":"/home/kdev/code/album/src/modules/users/user.repository.js","statementMap":{"0":{"start":{"line":1,"column":22},"end":{"line":1,"column":45}},"1":{"start":{"line":8,"column":23},"end":{"line":23,"column":1}},"2":{"start":{"line":9,"column":1},"end":{"line":22,"column":2}},"3":{"start":{"line":10,"column":15},"end":{"line":10,"column":62}},"4":{"start":{"line":11,"column":2},"end":{"line":15,"column":4}},"5":{"start":{"line":17,"column":2},"end":{"line":21,"column":4}},"6":{"start":{"line":25,"column":0},"end":{"line":27,"column":2}}},"fnMap":{"0":{"name":"(anonymous_0)","decl":{"start":{"line":8,"column":23},"end":{"line":8,"column":24}},"loc":{"start":{"line":8,"column":53},"end":{"line":23,"column":1}},"line":8}},"branchMap":{},"s":{"0":1,"1":1,"2":4,"3":4,"4":3,"5":1,"6":1},"f":{"0":4},"b":{},"_coverageSchema":"1a1c01bbd47fc00a2c39e90264f33305004495a9","hash":"bc291c68d26b0f3b462558b119405f3b9cb6ed38"}
,"/home/kdev/code/album/src/utils/connect.js": {"path":"/home/kdev/code/album/src/utils/connect.js","statementMap":{"0":{"start":{"line":1,"column":0},"end":{"line":1,"column":57}},"1":{"start":{"line":2,"column":17},"end":{"line":2,"column":36}},"2":{"start":{"line":4,"column":16},"end":{"line":6,"column":1}},"3":{"start":{"line":5,"column":1},"end":{"line":5,"column":36}},"4":{"start":{"line":8,"column":0},"end":{"line":12,"column":4}},"5":{"start":{"line":11,"column":2},"end":{"line":11,"column":26}},"6":{"start":{"line":14,"column":0},"end":{"line":14,"column":30}}},"fnMap":{"0":{"name":"(anonymous_0)","decl":{"start":{"line":4,"column":16},"end":{"line":4,"column":17}},"loc":{"start":{"line":4,"column":29},"end":{"line":6,"column":1}},"line":4},"1":{"name":"(anonymous_1)","decl":{"start":{"line":10,"column":8},"end":{"line":10,"column":9}},"loc":{"start":{"line":10,"column":17},"end":{"line":12,"column":2}},"line":10}},"branchMap":{},"s":{"0":1,"1":1,"2":1,"3":1,"4":1,"5":0,"6":1},"f":{"0":1,"1":0},"b":{},"_coverageSchema":"1a1c01bbd47fc00a2c39e90264f33305004495a9","hash":"aef1ad70e157339fc549dc8f3c92bd464a29d102"}
}
